2025-07-27 17:41:07,148 - __main__ - INFO - Starting ChattyCommander application
2025-07-27 17:42:32,703 - __main__ - INFO - Starting ChattyCommander application
2025-07-27 17:45:29,188 - __main__ - INFO - Starting ChattyCommander application
2025-07-27 17:51:43,560 - __main__ - INFO - Starting ChattyCommander application
2025-07-27 17:51:48,526 - __main__ - INFO - Command detected: hey_khum_puter
2025-07-27 17:53:35,813 - __main__ - INFO - Starting ChattyCommander application
2025-07-27 17:53:38,718 - __main__ - INFO - Command detected: that_ill_do
2025-07-27 17:55:29,721 - __main__ - INFO - Starting ChattyCommander application
2025-07-27 17:56:06,676 - __main__ - INFO - Command detected: hey_chat_tee
2025-07-27 17:56:06,676 - __main__ - INFO - Transitioning to new state: chatty
2025-07-27 17:56:45,173 - __main__ - INFO - Command detected: lights_on
2025-07-27 17:56:46,275 - __main__ - INFO - Command detected: lights_on
2025-07-27 17:56:58,368 - __main__ - INFO - Command detected: lights_off
2025-07-27 17:59:33,152 - __main__ - INFO - Starting ChattyCommander application
2025-07-27 17:59:36,096 - __main__ - INFO - Command detected: hey_khum_puter
2025-07-27 17:59:36,097 - __main__ - INFO - Transitioning to new state: computer
2025-07-27 17:59:50,664 - __main__ - INFO - Command detected: oh_kay_screenshot
2025-07-27 17:59:59,009 - __main__ - INFO - Shutting down the ChattyCommander application
2025-07-28 20:05:49,069 - __main__ - INFO - Starting ChattyCommander application
2025-07-28 20:06:12,363 - __main__ - INFO - Starting ChattyCommander application
2025-07-28 20:06:12,364 - __main__ - INFO - Default configuration generated
2025-07-28 20:06:48,316 - __main__ - INFO - Command detected: that_ill_do
2025-07-28 20:06:58,318 - __main__ - INFO - Command detected: okay_send
2025-07-28 20:07:04,426 - __main__ - INFO - Command detected: that_ill_do
2025-07-28 20:07:11,427 - __main__ - INFO - Command detected: thanks_chat_tee
2025-07-28 20:07:25,428 - __main__ - INFO - Command detected: okay_send
2025-07-28 20:07:50,532 - __main__ - INFO - Command detected: that_ill_do
2025-07-28 20:08:13,534 - __main__ - INFO - Command detected: that_ill_do
2025-07-28 20:08:18,535 - __main__ - INFO - Command detected: thanks_chat_tee
2025-07-28 20:08:44,537 - __main__ - INFO - Command detected: thanks_chat_tee
2025-07-28 20:08:45,537 - __main__ - INFO - Command detected: okay_send
2025-07-28 20:08:56,640 - __main__ - INFO - Command detected: that_ill_do
2025-07-28 20:09:29,643 - __main__ - INFO - Command detected: that_ill_do
2025-07-28 20:10:09,647 - __main__ - INFO - Command detected: okay_send
2025-07-28 20:10:16,748 - __main__ - INFO - Command detected: okay_send
2025-07-28 20:10:19,850 - __main__ - INFO - Command detected: thanks_chat_tee
2025-07-28 20:10:22,850 - __main__ - INFO - Command detected: okay_send
2025-07-28 20:10:30,952 - __main__ - INFO - Command detected: okay_send
2025-07-28 20:10:41,054 - __main__ - INFO - Command detected: thanks_chat_tee
2025-07-28 20:11:03,056 - __main__ - INFO - Command detected: that_ill_do
2025-07-28 20:11:09,057 - __main__ - INFO - Command detected: that_ill_do
2025-07-28 20:11:20,058 - __main__ - INFO - Command detected: thanks_chat_tee
2025-07-28 20:11:23,058 - __main__ - INFO - Command detected: okay_send
2025-07-28 20:11:26,160 - __main__ - INFO - Command detected: okay_send
2025-07-28 20:12:08,265 - __main__ - INFO - Command detected: okay_send
2025-07-28 20:12:21,367 - __main__ - INFO - Command detected: okay_send
2025-07-28 20:12:28,469 - __main__ - INFO - Command detected: that_ill_do
2025-07-28 20:12:57,472 - __main__ - INFO - Command detected: okay_send
2025-07-28 20:13:09,574 - __main__ - INFO - Command detected: okay_send
2025-07-28 20:13:26,676 - __main__ - INFO - Command detected: that_ill_do
2025-07-28 20:13:38,677 - __main__ - INFO - Command detected: okay_send
2025-07-28 20:13:53,780 - __main__ - INFO - Command detected: thanks_chat_tee
2025-07-28 20:14:11,782 - __main__ - INFO - Command detected: okay_send
2025-07-28 20:14:30,885 - __main__ - INFO - Command detected: thanks_chat_tee
2025-07-28 20:14:40,886 - __main__ - INFO - Command detected: okay_send
2025-07-28 20:14:59,989 - __main__ - INFO - Command detected: thanks_chat_tee
2025-07-28 20:15:29,992 - __main__ - INFO - Command detected: okay_send
2025-07-28 20:16:12,097 - __main__ - INFO - Command detected: okay_send
2025-07-28 20:16:41,200 - __main__ - INFO - Command detected: okay_send
2025-07-28 20:16:54,302 - __main__ - INFO - Command detected: okay_send
2025-07-28 20:17:31,407 - __main__ - INFO - Command detected: that_ill_do
2025-07-28 20:18:36,413 - __main__ - INFO - Command detected: okay_send
2025-07-28 20:19:47,520 - __main__ - INFO - Command detected: that_ill_do
2025-07-28 20:20:50,526 - __main__ - INFO - Command detected: thanks_chat_tee
2025-07-28 20:21:17,529 - __main__ - INFO - Command detected: that_ill_do
2025-07-28 20:21:47,532 - __main__ - INFO - Command detected: okay_send
2025-07-28 20:21:49,633 - __main__ - INFO - Command detected: thanks_chat_tee
2025-07-28 20:21:59,634 - __main__ - INFO - Command detected: okay_send
2025-07-28 20:22:19,737 - __main__ - INFO - Command detected: thanks_chat_tee
2025-07-28 20:22:28,738 - __main__ - INFO - Command detected: that_ill_do
2025-07-28 20:22:45,740 - __main__ - INFO - Command detected: that_ill_do
2025-07-28 20:23:20,743 - __main__ - INFO - Command detected: okay_send
2025-07-28 20:23:36,845 - __main__ - INFO - Command detected: thanks_chat_tee
2025-07-28 20:23:47,847 - __main__ - INFO - Command detected: okay_send
2025-07-28 20:24:07,950 - __main__ - INFO - Command detected: that_ill_do
2025-07-28 20:24:09,950 - __main__ - INFO - Command detected: okay_send
2025-07-28 20:24:22,052 - __main__ - INFO - Command detected: thanks_chat_tee
2025-07-28 20:25:09,057 - __main__ - INFO - Command detected: thanks_chat_tee
2025-07-28 20:25:37,059 - __main__ - INFO - Command detected: thanks_chat_tee
2025-07-28 20:25:44,060 - __main__ - INFO - Command detected: that_ill_do
2025-07-28 20:25:45,060 - __main__ - INFO - Command detected: that_ill_do
2025-07-28 20:26:50,066 - __main__ - INFO - Command detected: okay_send
2025-07-28 20:26:54,168 - __main__ - INFO - Command detected: thanks_chat_tee
2025-07-28 20:27:30,172 - __main__ - INFO - Command detected: thanks_chat_tee
2025-07-28 20:28:41,179 - __main__ - INFO - Command detected: okay_send
2025-07-28 20:28:53,281 - __main__ - INFO - Command detected: that_ill_do
2025-07-28 20:28:55,281 - __main__ - INFO - Command detected: that_ill_do
2025-07-28 20:29:02,282 - __main__ - INFO - Command detected: thanks_chat_tee
2025-07-28 20:29:31,285 - __main__ - INFO - Command detected: okay_send
2025-07-28 20:29:48,388 - __main__ - INFO - Command detected: okay_send
2025-07-28 20:29:49,489 - __main__ - INFO - Command detected: okay_send
2025-07-28 20:30:00,591 - __main__ - INFO - Command detected: okay_send
2025-07-28 20:30:22,694 - __main__ - INFO - Command detected: okay_send
2025-07-28 20:30:23,795 - __main__ - INFO - Command detected: that_ill_do
2025-07-28 20:31:42,803 - __main__ - INFO - Command detected: thanks_chat_tee
2025-07-28 20:31:55,804 - __main__ - INFO - Command detected: that_ill_do
2025-07-28 20:33:36,813 - __main__ - INFO - Command detected: okay_send
2025-07-28 20:33:42,915 - __main__ - INFO - Command detected: that_ill_do
2025-07-28 20:33:55,916 - __main__ - INFO - Command detected: that_ill_do
2025-07-28 20:35:21,925 - __main__ - INFO - Command detected: that_ill_do
2025-07-28 20:35:37,926 - __main__ - INFO - Command detected: that_ill_do
2025-07-28 20:35:41,927 - __main__ - INFO - Command detected: okay_send
2025-07-28 20:35:45,029 - __main__ - INFO - Command detected: okay_send
2025-07-28 20:36:05,132 - __main__ - INFO - Command detected: that_ill_do
2025-07-28 20:37:20,754 - __main__ - INFO - Starting ChattyCommander application
2025-07-28 20:37:20,756 - __main__ - INFO - Default configuration generated
2025-07-29 13:29:53,984 - __main__ - INFO - Starting ChattyCommander application
2025-07-29 13:30:21,961 - __main__ - INFO - Command detected: thanks_chat_tee
2025-07-29 13:30:26,961 - __main__ - INFO - Command detected: thanks_chat_tee
2025-07-29 13:30:46,964 - __main__ - INFO - Command detected: that_ill_do
2025-07-29 13:32:00,971 - __main__ - INFO - Command detected: thanks_chat_tee
2025-07-29 13:32:08,973 - __main__ - INFO - Command detected: thanks_chat_tee
2025-07-29 13:32:46,976 - __main__ - INFO - Command detected: okay_send
2025-07-29 13:32:48,079 - __main__ - INFO - Command detected: thanks_chat_tee
2025-07-29 13:33:25,082 - __main__ - INFO - Command detected: thanks_chat_tee
2025-07-29 13:33:29,083 - __main__ - INFO - Command detected: thanks_chat_tee
2025-07-29 13:33:42,085 - __main__ - INFO - Command detected: okay_send
2025-07-29 13:33:44,186 - __main__ - INFO - Command detected: okay_send
2025-07-29 13:33:54,288 - __main__ - INFO - Command detected: thanks_chat_tee
2025-07-29 13:33:56,289 - __main__ - INFO - Command detected: okay_send
2025-07-29 13:34:37,394 - __main__ - INFO - Command detected: that_ill_do
2025-07-29 13:34:41,394 - __main__ - INFO - Command detected: okay_send
2025-07-29 13:35:05,498 - __main__ - INFO - Command detected: that_ill_do
2025-07-29 13:35:28,500 - __main__ - INFO - Command detected: thanks_chat_tee
2025-07-29 13:35:54,503 - __main__ - INFO - Command detected: okay_send
2025-07-29 13:35:56,604 - __main__ - INFO - Command detected: okay_send
2025-07-29 13:36:46,709 - __main__ - INFO - Command detected: thanks_chat_tee
2025-07-29 13:37:18,712 - __main__ - INFO - Command detected: okay_send
2025-07-29 13:37:38,815 - __main__ - INFO - Command detected: thanks_chat_tee
2025-07-29 13:38:08,818 - __main__ - INFO - Command detected: that_ill_do
2025-07-29 13:38:10,818 - __main__ - INFO - Command detected: okay_send
2025-07-29 13:38:12,920 - __main__ - INFO - Command detected: thanks_chat_tee
2025-07-29 13:38:58,929 - __main__ - INFO - Command detected: that_ill_do
2025-07-29 13:40:51,948 - __main__ - INFO - Command detected: that_ill_do
2025-07-29 13:40:59,949 - __main__ - INFO - Command detected: that_ill_do
2025-07-29 13:41:15,951 - __main__ - INFO - Command detected: okay_send
2025-07-29 13:42:20,058 - __main__ - INFO - Command detected: okay_send
2025-07-29 13:42:27,160 - __main__ - INFO - Command detected: that_ill_do
2025-07-29 13:43:22,165 - __main__ - INFO - Command detected: that_ill_do
2025-07-29 13:43:28,166 - __main__ - INFO - Command detected: okay_send
2025-07-29 13:43:48,269 - __main__ - INFO - Command detected: okay_send
2025-07-29 13:44:05,372 - __main__ - INFO - Command detected: thanks_chat_tee
2025-07-29 13:44:07,372 - __main__ - INFO - Command detected: that_ill_do
2025-07-29 13:44:21,374 - __main__ - INFO - Command detected: thanks_chat_tee
2025-07-29 13:44:22,374 - __main__ - INFO - Command detected: okay_send
2025-07-29 13:45:25,481 - __main__ - INFO - Command detected: okay_send
2025-07-29 13:45:26,582 - __main__ - INFO - Command detected: okay_send
2025-07-29 13:45:57,686 - __main__ - INFO - Command detected: thanks_chat_tee
2025-07-29 13:46:42,690 - __main__ - INFO - Command detected: that_ill_do
2025-07-29 13:47:19,694 - __main__ - INFO - Command detected: that_ill_do
2025-07-29 13:47:27,695 - __main__ - INFO - Command detected: okay_send
2025-07-29 13:48:39,803 - __main__ - INFO - Command detected: thanks_chat_tee
2025-07-29 13:48:46,804 - __main__ - INFO - Command detected: thanks_chat_tee
2025-07-29 13:49:19,807 - __main__ - INFO - Command detected: okay_send
2025-07-29 13:49:35,910 - __main__ - INFO - Command detected: okay_send
2025-07-29 13:50:04,013 - __main__ - INFO - Command detected: that_ill_do
2025-07-29 13:50:07,014 - __main__ - INFO - Command detected: thanks_chat_tee
2025-07-29 13:50:22,015 - __main__ - INFO - Command detected: thanks_chat_tee
2025-07-29 13:50:36,017 - __main__ - INFO - Command detected: thanks_chat_tee
2025-07-29 13:50:38,018 - __main__ - INFO - Command detected: thanks_chat_tee
2025-07-29 13:50:55,019 - __main__ - INFO - Command detected: okay_send
2025-07-29 13:51:25,123 - __main__ - INFO - Command detected: okay_send
2025-07-29 13:51:52,227 - __main__ - INFO - Command detected: thanks_chat_tee
2025-07-29 13:51:53,227 - __main__ - INFO - Command detected: thanks_chat_tee
2025-07-29 13:51:58,228 - __main__ - INFO - Command detected: okay_send
2025-07-29 13:52:00,329 - __main__ - INFO - Command detected: that_ill_do
2025-07-29 13:52:54,334 - __main__ - INFO - Command detected: thanks_chat_tee
2025-07-29 13:52:56,334 - __main__ - INFO - Command detected: that_ill_do
2025-07-29 13:52:57,335 - __main__ - INFO - Command detected: that_ill_do
2025-07-29 13:53:30,338 - __main__ - INFO - Command detected: that_ill_do
2025-07-29 13:53:31,338 - __main__ - INFO - Command detected: that_ill_do
2025-07-29 13:54:11,342 - __main__ - INFO - Command detected: thanks_chat_tee
2025-07-29 13:55:00,346 - __main__ - INFO - Command detected: thanks_chat_tee
2025-07-29 13:55:11,347 - __main__ - INFO - Command detected: okay_send
2025-07-29 13:55:33,450 - __main__ - INFO - Command detected: okay_send
2025-07-29 13:55:40,552 - __main__ - INFO - Command detected: that_ill_do
2025-07-29 13:55:51,553 - __main__ - INFO - Command detected: okay_send
2025-07-29 13:55:53,654 - __main__ - INFO - Command detected: that_ill_do
2025-07-29 13:56:01,655 - __main__ - INFO - Command detected: that_ill_do
2025-07-29 13:56:03,656 - __main__ - INFO - Command detected: that_ill_do
2025-07-29 13:56:09,656 - __main__ - INFO - Command detected: okay_send
2025-07-29 13:56:49,761 - __main__ - INFO - Command detected: thanks_chat_tee
2025-07-29 13:56:59,762 - __main__ - INFO - Command detected: okay_send
2025-07-29 13:57:38,867 - __main__ - INFO - Command detected: thanks_chat_tee
2025-07-29 13:58:08,870 - __main__ - INFO - Command detected: that_ill_do
2025-07-29 13:58:13,871 - __main__ - INFO - Command detected: that_ill_do
